2016/04/05 17:02:55 config.go:30: INFO [Log path initialised.]
2016/04/05 17:02:55 conn.go:38: INFO [loaded dbconfig]
2016/04/05 17:02:58 main.go:35: INFO [loaded service config]
2016/04/05 17:02:58 service.go:11: INFO [Register file handlers.]
2016/04/05 17:04:46 config.go:30: INFO [Log path initialised.]
2016/04/05 17:04:46 conn.go:39: INFO [loaded dbconfig]
2016/04/05 17:04:46 conn.go:20: INFO [Connecting to database]
2016/04/05 17:04:49 main.go:35: INFO [loaded service config]
2016/04/05 17:04:49 service.go:11: INFO [Register file handlers.]
2016/04/05 17:07:01 config.go:30: INFO [Log path initialised.]
2016/04/05 17:07:01 conn.go:39: INFO [loaded dbconfig]
2016/04/05 17:07:01 conn.go:20: INFO [Connecting to database]
2016/04/05 17:07:04 main.go:35: INFO [loaded service config]
2016/04/05 17:07:04 service.go:11: INFO [Register file handlers.]
2016/04/05 17:07:47 config.go:30: INFO [Log path initialised.]
2016/04/05 17:07:47 conn.go:39: INFO [loaded dbconfig]
2016/04/05 17:07:51 conn.go:21: INFO [Connecting to database, &{{0 0} [0xc0820e3e40 0xc0820e3e60 0xc0820e3e80 0xc0820e3ea0 0xc0820e3ec0 0xc0820e3ee0 0xc0820e3f00 0xc0820e3f20 0xc0820e3f40 0xc0820e3f60]}, with err <nil>]
2016/04/05 17:07:51 main.go:35: INFO [loaded service config]
2016/04/05 17:07:51 service.go:11: INFO [Register file handlers.]
2016/04/05 17:10:38 config.go:29: INFO [Log path initialised.]
2016/04/05 17:10:38 conn.go:39: INFO [loaded dbconfig]
2016/04/05 17:10:41 conn.go:21: INFO [Connecting to database, &{{0 0} [0xc082155b00 0xc082155b20 0xc082155b40 0xc082155b60 0xc082155b80 0xc082155ba0 0xc082155bc0 0xc082155be0 0xc082155c00 0xc082155c20]}, with err <nil>]
2016/04/05 17:10:41 main.go:35: INFO [loaded service config]
2016/04/05 17:10:41 service.go:11: INFO [Register file handlers.]
2016/04/05 17:11:56 config.go:30: INFO [Log path initialised.]
2016/04/05 17:11:56 conn.go:39: INFO [loaded dbconfig]
2016/04/05 17:11:59 conn.go:21: INFO [Connecting to database, &{{0 0} [0xc0820f5900 0xc0820f5920 0xc0820f5940 0xc0820f5960 0xc0820f5980 0xc0820f59a0 0xc0820f59c0 0xc0820f59e0 0xc0820f5a00 0xc0820f5a20]}, with err <nil>]
2016/04/05 17:11:59 main.go:35: INFO [loaded service config]
2016/04/05 17:11:59 service.go:11: INFO [Register file handlers.]
2016/04/05 17:12:19 config.go:30: INFO [Log path initialised.]
2016/04/05 17:12:19 conn.go:39: INFO [loaded dbconfig]
2016/04/05 17:12:22 conn.go:21: INFO [Connecting to database, &{{0 0} [0xc0820f86c0 0xc0820f86e0 0xc0820f8700 0xc0820f8720 0xc0820f8740 0xc0820f8760 0xc0820f8780 0xc0820f87a0 0xc0820f87c0 0xc0820f87e0]}, with err <nil>]
2016/04/05 17:12:22 main.go:35: INFO [loaded service config]
2016/04/05 17:12:22 service.go:11: INFO [Register file handlers.]
2016/04/05 17:14:46 config.go:30: INFO [Log path initialised.]
2016/04/05 17:14:46 conn.go:39: INFO [loaded dbconfig]
2016/04/05 17:14:49 conn.go:21: INFO [Connecting to database, &{{0 0} [0xc0820e34e0 0xc0820e3500 0xc0820e3520 0xc0820e3540 0xc0820e3560 0xc0820e3580 0xc0820e35a0 0xc0820e35c0 0xc0820e35e0 0xc0820e3600]}, with err <nil>]
2016/04/05 17:14:49 main.go:35: INFO [loaded service config]
2016/04/05 17:14:49 service.go:11: INFO [Register file handlers.]
2016/04/05 17:15:18 config.go:31: INFO [Log path initialised.]
2016/04/05 17:15:18 conn.go:39: INFO [loaded dbconfig]
2016/04/05 17:15:21 conn.go:21: INFO [Connecting to database, &{{0 0} [0xc0820feec0 0xc0820feee0 0xc0820fef00 0xc0820fef20 0xc0820fef40 0xc0820fef60 0xc0820fef80 0xc0820fefa0 0xc0820fefc0 0xc0820fefe0]}, with err <nil>]
2016/04/05 17:15:21 main.go:35: INFO [loaded service config]
2016/04/05 17:15:21 service.go:11: INFO [Register file handlers.]
2016/04/05 17:16:30 config.go:31: INFO [Log path initialised.]
2016/04/05 17:16:30 conn.go:39: INFO [loaded dbconfig]
2016/04/05 17:16:33 conn.go:21: INFO [Connecting to database, &{{0 0} [0xc0820ffb80 0xc0820ffba0 0xc0820ffbc0 0xc0820ffbe0 0xc0820ffc00 0xc0820ffc20 0xc0820ffc40 0xc0820ffc60 0xc0820ffc80 0xc0820ffca0]}, with err <nil>]
2016/04/05 17:16:33 main.go:35: INFO [loaded service config]
2016/04/05 17:16:33 service.go:11: INFO [Register file handlers.]
2016/04/05 17:18:25 config.go:30: INFO [Log path initialised.]
2016/04/05 17:18:25 conn.go:39: INFO [loaded dbconfig]
2016/04/05 17:18:28 conn.go:21: INFO [Connecting to database, &{{0 0} [0xc082173020 0xc082173040 0xc082173060 0xc082173080 0xc0821730a0 0xc0821730c0 0xc0821730e0 0xc082173100 0xc082173120 0xc082173140]}, with err <nil>]
2016/04/05 17:18:28 main.go:35: INFO [loaded service config]
2016/04/05 17:18:28 service.go:11: INFO [Register file handlers.]
2016/04/05 17:19:38 config.go:30: INFO [Log path initialised.]
2016/04/05 17:19:38 conn.go:39: INFO [loaded dbconfig]
2016/04/05 17:19:42 conn.go:21: INFO [Connecting to database, &{{0 0} [0xc0820f6460 0xc0820f6480 0xc0820f64a0 0xc0820f64c0 0xc0820f64e0 0xc0820f6500 0xc0820f6520 0xc0820f6540 0xc0820f6560 0xc0820f6580]}, with err <nil>]
2016/04/05 17:19:42 main.go:35: INFO [loaded service config]
2016/04/05 17:19:42 service.go:11: INFO [Register file handlers.]
2016/04/05 17:20:27 config.go:31: INFO [Log path initialised.]
2016/04/05 17:20:27 conn.go:39: INFO [loaded dbconfig]
2016/04/05 17:20:30 conn.go:21: INFO [Connecting to database, &{{0 0} [0xc0821b09c0 0xc0821b09e0 0xc0821b0a00 0xc0821b0a20 0xc0821b0a40 0xc0821b0a60 0xc0821b0a80 0xc0821b0aa0 0xc0821b0ac0 0xc0821b0ae0]}, with err <nil>]
2016/04/05 17:20:30 main.go:35: INFO [loaded service config]
2016/04/05 17:20:30 service.go:11: INFO [Register file handlers.]
2016/04/05 17:21:48 config.go:31: INFO [Log path initialised.]
2016/04/05 17:21:48 conn.go:39: INFO [loaded dbconfig]
2016/04/05 17:21:51 conn.go:21: INFO [Connecting to database, &{{0 0} [0xc0820ffb20 0xc0820ffb40 0xc0820ffb60 0xc0820ffb80 0xc0820ffba0 0xc0820ffbc0 0xc0820ffbe0 0xc0820ffc00 0xc0820ffc20 0xc0820ffc40]}, with err <nil>]
2016/04/05 17:21:51 main.go:35: INFO [loaded service config]
2016/04/05 17:21:51 service.go:11: INFO [Register file handlers.]
2016/04/05 17:23:06 config.go:31: INFO [Log path initialised.]
2016/04/05 17:23:06 conn.go:39: INFO [loaded dbconfig]
2016/04/05 17:23:09 conn.go:21: INFO [Connecting to database, &{{0 0} [0xc0820f7420 0xc0820f7440 0xc0820f7460 0xc0820f7480 0xc0820f74a0 0xc0820f74c0 0xc0820f74e0 0xc0820f7500 0xc0820f7520 0xc0820f7540]}, with err <nil>]
2016/04/05 17:23:09 conn.go:25: DEBUG [Connected to db mongodb://file_user:9876oiuy@uat-sz.lansion.cn:27017/file_schema.]
2016/04/05 17:23:09 main.go:35: INFO [loaded service config]
2016/04/05 17:23:09 main.go:45: DEBUG [listening on port 6010]
2016/04/05 17:23:09 service.go:11: INFO [Register file handlers.]
2016/04/05 17:23:34 config.go:31: INFO [Log path initialised.]
2016/04/05 17:23:34 conn.go:38: INFO [loaded dbconfig]
2016/04/05 17:23:37 conn.go:24: DEBUG [Connected to db mongodb://file_user:9876oiuy@uat-sz.lansion.cn:27017/file_schema.]
2016/04/05 17:23:37 main.go:35: INFO [loaded service config]
2016/04/05 17:23:37 main.go:45: DEBUG [listening on port 6010]
2016/04/05 17:23:37 service.go:11: INFO [Register file handlers.]
